{
  "stats": {
    "suites": 1,
    "tests": 2,
    "passes": 2,
    "pending": 0,
    "failures": 0,
    "start": "2024-08-15T12:31:05.370Z",
    "end": "2024-08-15T12:31:16.737Z",
    "duration": 11367,
    "testsRegistered": 2,
    "passPercent": 100,
    "pendingPercent": 0,
    "other": 0,
    "hasOther": false,
    "skipped": 0,
    "hasSkipped": false
  },
  "results": [
    {
      "uuid": "4e37dcd1-c400-49ec-a616-55d396fdf7be",
      "title": "",
      "fullFile": "cypress\\e2e\\tests\\verifyCheckOut.js",
      "file": "cypress\\e2e\\tests\\verifyCheckOut.js",
      "beforeHooks": [],
      "afterHooks": [],
      "tests": [],
      "suites": [
        {
          "uuid": "03a95d4f-ec3d-4dd1-89d4-d8b3d6f9ebcc",
          "title": "Test suite to Verify Checkout process",
          "fullFile": "",
          "file": "",
          "beforeHooks": [],
          "afterHooks": [],
          "tests": [
            {
              "title": "Verify check out Process",
              "fullTitle": "Test suite to Verify Checkout process Verify check out Process",
              "timedOut": null,
              "duration": 4813,
              "state": "passed",
              "speed": "fast",
              "pass": true,
              "fail": false,
              "pending": false,
              "context": null,
              "code": "//--------Setup cart with some products added to it--------------\n//Add products to cart :\n(0, _checkOutPage.addProductToCart)(this.checkoutPageData.addToCartButtonForEachProduct.Sauce_labs_Fleece_Jacket);\n(0, _checkOutPage.addProductToCart)(this.checkoutPageData.addToCartButtonForEachProduct.Sauce_Labs_Backpack);\n(0, _checkOutPage.addProductToCart)(this.checkoutPageData.addToCartButtonForEachProduct.Sauce_Labs_Bolt_Tshirt);\n//-------------Verify first step of the check out----------------\n//navigate to shopping cart :\n(0, _checkOutPage.navigateToShoppingCart)();\n//Navigate to checkout process by clicking on checkout button :\n(0, _checkOutPage.clickOnCheckOutButton)(this.checkoutPageData.checkOutButton);\n//Verify that step 1 of checkout process is opened :\n(0, _checkOutPage.stepOneOfCheckOut)();\n//Complete first step by entering required data :\n(0, _checkOutPage.completeStepOneOfCheckOut)();\n//-----------Verify second step of Checkout--------------------\n//Navigate to second step of the checkout :\n(0, _checkOutPage.navigateToStepTwo)();\n//Verify that step 2 of checkout process is opened :\n(0, _checkOutPage.stepTwoOfCheckOut)();\n//Verify product details in step 2 of checkout :\n(0, _shoppingCartPage.verifyProductInCart)(this.checkoutPageData.checkProductsInCart.SauceLabsBackpack.name, this.checkoutPageData.checkProductsInCart.SauceLabsBackpack.price, 1);\n(0, _shoppingCartPage.verifyProductInCart)(this.checkoutPageData.checkProductsInCart.SauceLabsFleeceJacket.name, this.checkoutPageData.checkProductsInCart.SauceLabsFleeceJacket.price, 1);\n(0, _shoppingCartPage.verifyProductInCart)(this.checkoutPageData.checkProductsInCart.SauceLabsBoltTShirt.name, this.checkoutPageData.checkProductsInCart.SauceLabsBoltTShirt.price, 1);\n//Verify payment information :\n(0, _checkOutPage.checkPaymentInfo)();\n//Verify shipping infoarmation :\n(0, _checkOutPage.checkShippingInfo)();\n//Check total price :\n(0, _checkOutPage.checkTotalPrice)();\n//Click on finish button :\n(0, _checkOutPage.clickOnFinish)(this.checkoutPageData.finishButton);\n//------------------Verify completion of checkout-----------------------\n//Verify that order is complete :\n(0, _checkOutPage.checkOrderIsComplete)(this.checkoutPageData.completeHeader);",
              "err": {},
              "uuid": "f56c6002-3a61-4467-bf28-34e082bcec2e",
              "parentUUID": "03a95d4f-ec3d-4dd1-89d4-d8b3d6f9ebcc",
              "isHook": false,
              "skipped": false
            },
            {
              "title": "Verify that user can cancel the checkout process at any step of the checkout",
              "fullTitle": "Test suite to Verify Checkout process Verify that user can cancel the checkout process at any step of the checkout",
              "timedOut": null,
              "duration": 4107,
              "state": "passed",
              "speed": "fast",
              "pass": true,
              "fail": false,
              "pending": false,
              "context": null,
              "code": "//--------Setup cart with some products added to it--------------\n//Add products to cart :\n(0, _checkOutPage.addProductToCart)(this.checkoutPageData.addToCartButtonForEachProduct.Sauce_labs_Fleece_Jacket);\n(0, _checkOutPage.addProductToCart)(this.checkoutPageData.addToCartButtonForEachProduct.Sauce_Labs_Backpack);\n(0, _checkOutPage.addProductToCart)(this.checkoutPageData.addToCartButtonForEachProduct.Sauce_Labs_Bolt_Tshirt);\n//--------------Verify that checkout can be cancelled at step 1 of checkout---------------\n//navigate to shopping cart :\n(0, _checkOutPage.navigateToShoppingCart)();\n//Navigate to checkout process by clicking on checkout button :\n(0, _checkOutPage.clickOnCheckOutButton)(this.checkoutPageData.checkOutButton);\n//Verify that step 1 of checkout process is opened :\n(0, _checkOutPage.stepOneOfCheckOut)();\n//Verify user can cancel the checkout proccess here :\n(0, _checkOutPage.cancelCheckOut)(this.checkoutPageData.cancelButton);\n//Verify that checkout process is cancelled :\n(0, _checkOutPage.verifyCheckoutIsCancelledAtStepOne)();\n//--------------Verify that checkout can be cancelled at step 2 of checkout---------------\n//Navigate to checkout process by clicking on checkout button :\n(0, _checkOutPage.clickOnCheckOutButton)(this.checkoutPageData.checkOutButton);\n//Verify that step 1 of checkout process is opened :\n(0, _checkOutPage.stepOneOfCheckOut)();\n//Complete first step by entering required data :\n(0, _checkOutPage.completeStepOneOfCheckOut)();\n//Navigate to second step of the checkout :\n(0, _checkOutPage.navigateToStepTwo)();\n//Verify that step 2 of checkout process is opened :\n(0, _checkOutPage.stepTwoOfCheckOut)();\n//Verify user can cancel the checkout proccess here :\n(0, _checkOutPage.cancelCheckOut)(this.checkoutPageData.cancelButton);\n//Verify that checkout process is cancelled :\n(0, _checkOutPage.verifyCheckoutIsCancelledAtStepTwo)();",
              "err": {},
              "uuid": "5bc7989f-2bce-451d-831a-51f42b66c756",
              "parentUUID": "03a95d4f-ec3d-4dd1-89d4-d8b3d6f9ebcc",
              "isHook": false,
              "skipped": false
            }
          ],
          "suites": [],
          "passes": [
            "f56c6002-3a61-4467-bf28-34e082bcec2e",
            "5bc7989f-2bce-451d-831a-51f42b66c756"
          ],
          "failures": [],
          "pending": [],
          "skipped": [],
          "duration": 8920,
          "root": false,
          "rootEmpty": false,
          "_timeout": 2000
        }
      ],
      "passes": [],
      "failures": [],
      "pending": [],
      "skipped": [],
      "duration": 0,
      "root": true,
      "rootEmpty": true,
      "_timeout": 2000
    }
  ],
  "meta": {
    "mocha": {
      "version": "7.0.1"
    },
    "mochawesome": {
      "options": {
        "quiet": false,
        "reportFilename": "my-report",
        "saveHtml": true,
        "saveJson": true,
        "consoleReporter": "spec",
        "useInlineDiffs": false,
        "code": true
      },
      "version": "7.1.3"
    },
    "marge": {
      "options": {
        "charts": true,
        "json": true,
        "reportsDir": "reports/your-reports-folder",
        "reportFilename": "my-report",
        "overwrite": false
      },
      "version": "6.2.0"
    }
  }
}